<?xml version="1.0" encoding="UTF-8"?>
<testsuite xmlns:xsi="http://www.w3.org/2001/XMLSchema-instance" xsi:noNamespaceSchemaLocation="https://maven.apache.org/surefire/maven-surefire-plugin/xsd/surefire-test-report.xsd" name="com.malise.UpdateBookingTest" time="16.418" tests="6" errors="0" skipped="0" failures="1">
  <properties>
[...]
</properties>
  <testcase name="updateBookingWithInvalidData" classname="com.malise.UpdateBookingTest" time="7.283"/>
  <testcase name="attemptToUpdateNonExistentBooking" classname="com.malise.UpdateBookingTest" time="2.028"/>
  <testcase name="updateBookingWithPartialData" classname="com.malise.UpdateBookingTest" time="1.882"/>
  <testcase name="updateBookingSuccessfully" classname="com.malise.UpdateBookingTest" time="1.896">
    <failure message="1 expectation failed.&#10;Expected status code &lt;200&gt; but was &lt;403&gt;.&#10;" type="java.lang.AssertionError"><![CDATA[java.lang.AssertionError: 
1 expectation failed.
Expected status code <200> but was <403>.

	at com.malise.UpdateBookingTest.updateBookingSuccessfully(UpdateBookingTest.java:42)
]]></failure>
  </testcase>
  <testcase name="updateBookingWithEmptyData" classname="com.malise.UpdateBookingTest" time="1.32"/>
  <testcase name="updateBookingWithDifferentUsersToken" classname="com.malise.UpdateBookingTest" time="1.921"/>
</testsuite>